  Main_prac11.cpp
C:\Users\Gil Alexder EJ\Documents\EJFJ\ComputacionGrafica - copia\ComputacionGrafica\Main_prac11.cpp(461,24): warning C4244: 'inicializando': conversión de 'double' a 'GLfloat'; posible pérdida de datos
C:\Users\Gil Alexder EJ\Documents\EJFJ\ComputacionGrafica - copia\ComputacionGrafica\Main_prac11.cpp(1215,19): warning C4305: '+=': truncamiento de 'double' a 'float'
C:\Users\Gil Alexder EJ\Documents\EJFJ\ComputacionGrafica - copia\ComputacionGrafica\Main_prac11.cpp(1221,19): warning C4305: '-=': truncamiento de 'double' a 'float'
C:\Users\Gil Alexder EJ\Documents\EJFJ\ComputacionGrafica - copia\ComputacionGrafica\Main_prac11.cpp(1329,22): warning C4305: '+=': truncamiento de 'double' a 'float'
C:\Users\Gil Alexder EJ\Documents\EJFJ\ComputacionGrafica - copia\ComputacionGrafica\Main_prac11.cpp(1341,22): warning C4305: '+=': truncamiento de 'double' a 'float'
C:\Users\Gil Alexder EJ\Documents\EJFJ\ComputacionGrafica - copia\ComputacionGrafica\Main_prac11.cpp(1352,22): warning C4305: '+=': truncamiento de 'double' a 'float'
C:\Users\Gil Alexder EJ\Documents\EJFJ\ComputacionGrafica - copia\ComputacionGrafica\Main_prac11.cpp(1363,22): warning C4305: '+=': truncamiento de 'double' a 'float'
C:\Users\Gil Alexder EJ\Documents\EJFJ\ComputacionGrafica - copia\ComputacionGrafica\Main_prac11.cpp(1440,11): warning C4244: '=': conversión de 'double' a 'GLfloat'; posible pérdida de datos
C:\Users\Gil Alexder EJ\Documents\EJFJ\ComputacionGrafica - copia\ComputacionGrafica\Main_prac11.cpp(1441,11): warning C4244: '=': conversión de 'double' a 'GLfloat'; posible pérdida de datos
C:\Users\Gil Alexder EJ\Documents\EJFJ\ComputacionGrafica - copia\ComputacionGrafica\Main_prac11.cpp(1445,18): warning C4244: 'inicializando': conversión de 'double' a 'GLfloat'; posible pérdida de datos
C:\Users\Gil Alexder EJ\Documents\EJFJ\ComputacionGrafica - copia\ComputacionGrafica\Main_prac11.cpp(1446,18): warning C4244: 'inicializando': conversión de 'double' a 'GLfloat'; posible pérdida de datos
C:\Users\Gil Alexder EJ\Documents\EJFJ\ComputacionGrafica - copia\ComputacionGrafica\Main_prac11.cpp(1448,10): warning C4244: '=': conversión de 'double' a 'GLfloat'; posible pérdida de datos
C:\Users\Gil Alexder EJ\Documents\EJFJ\ComputacionGrafica - copia\ComputacionGrafica\Main_prac11.cpp(1449,10): warning C4244: '=': conversión de 'double' a 'GLfloat'; posible pérdida de datos
soil2-debug.lib(SOIL2.obj) : warning LNK4075: se omite '/EDITANDCONTINUE' debido a la especificación '/OPT:ICF'
LINK : warning LNK4098: la biblioteca predeterminada'MSVCRTD' entra en conflicto con otras bibliotecas; use la biblioteca /NODEFAULTLIB:biblioteca
  Generando código
  Previous IPDB not found, fall back to full compilation.
  All 650 functions were compiled because no usable IPDB/IOBJ from previous compilation was found.
  Generación de código finalizada
soil2-debug.lib(etc1_utils.obj) : warning LNK4099: no se encontró PDB 'soil2-debug.pdb' con 'soil2-debug.lib(etc1_utils.obj)' o en 'C:\Users\Gil Alexder EJ\Documents\EJFJ\ComputacionGrafica - copia\Release\soil2-debug.pdb'; se vinculará el objeto sin tener en cuenta información de depuración
soil2-debug.lib(image_DXT.obj) : warning LNK4099: no se encontró PDB 'soil2-debug.pdb' con 'soil2-debug.lib(image_DXT.obj)' o en 'C:\Users\Gil Alexder EJ\Documents\EJFJ\ComputacionGrafica - copia\Release\soil2-debug.pdb'; se vinculará el objeto sin tener en cuenta información de depuración
soil2-debug.lib(image_helper.obj) : warning LNK4099: no se encontró PDB 'soil2-debug.pdb' con 'soil2-debug.lib(image_helper.obj)' o en 'C:\Users\Gil Alexder EJ\Documents\EJFJ\ComputacionGrafica - copia\Release\soil2-debug.pdb'; se vinculará el objeto sin tener en cuenta información de depuración
soil2-debug.lib(SOIL2.obj) : warning LNK4099: no se encontró PDB 'soil2-debug.pdb' con 'soil2-debug.lib(SOIL2.obj)' o en 'C:\Users\Gil Alexder EJ\Documents\EJFJ\ComputacionGrafica - copia\Release\soil2-debug.pdb'; se vinculará el objeto sin tener en cuenta información de depuración
  ComputacionGrafica.vcxproj -> C:\Users\Gil Alexder EJ\Documents\EJFJ\ComputacionGrafica - copia\Release\ComputacionGrafica.exe
